<?xml version="1.0" encoding="UTF-8"?>
<!-- Generated by org.testng.reporters.JUnitXMLReporter -->
<testsuite hostname="DESKTOP-D36JS0L" ignored="0" name="Command line test" tests="5" failures="0" timestamp="29 Aug 2018 17:42:20 GMT" time="6.882" errors="0">
  <testcase name="testCountryName" time="2.999" classname="TutorialOne.testCountryName"/>
  <testcase name="testCountryName" time="0.735" classname="TutorialOne.testCountryName"/>
  <testcase name="testCountryName" time="0.737" classname="TutorialOne.testCountryName"/>
  <testcase name="testCountryName" time="0.716" classname="TutorialOne.testCountryName"/>
  <testcase name="testCountryName" time="0.719" classname="TutorialOne.testCountryName"/>
</testsuite> <!-- Command line test -->
